<?xml version="1.0" encoding="UTF-8"?>
<!-- Generated by org.testng.reporters.JUnitReportReporter -->
<testsuite hostname="LAPTOP-V51SB4NR" failures="0" tests="1" name="com.test.testcases.EmployeeRestVerification" time="0.333" errors="0" timestamp="2022-12-25T17:11:49 IST" skipped="0">
  <testcase classname="com.test.testcases.EmployeeRestVerification" name="testRunPlaceHolder" time="0.333"/>
  <system-out/>
</testsuite> <!-- com.test.testcases.EmployeeRestVerification -->
