<?xml version="1.0" encoding="UTF-8"?>
<!-- Generated by org.testng.reporters.JUnitReportReporter -->
<testsuite hostname="LAPTOP-V51SB4NR" failures="0" tests="2" name="com.test.testcases.NewTestCase" time="2.193" errors="0" timestamp="2022-12-25T17:11:49 IST" skipped="0">
  <testcase classname="com.test.testcases.NewTestCase" name="testRunPlaceHolder" time="1.782"/>
  <system-out/>
  <testcase classname="com.test.testcases.NewTestCase" name="testRunEmployee" time="0.411"/>
  <system-out/>
</testsuite> <!-- com.test.testcases.NewTestCase -->
